<?xml version="1.0" encoding="UTF-8"?>
<!-- Generated by org.testng.reporters.JUnitXMLReporter -->
<testsuite hostname="G5-PC" ignored="0" name="Default test" tests="3" failures="0" timestamp="11 Apr 2018 12:18:57 GMT" time="164.183" errors="0">
  <testcase name="FacebookBitlyExecution" time="59.21" classname="testcases.Verify_BitlyExecution"/>
  <testcase name="TwitterBitlyexecution" time="60.389" classname="testcases.Verify_BitlyExecution"/>
  <testcase name="emailBitlyexecution" time="32.115" classname="testcases.Verify_BitlyExecution"/>
</testsuite> <!-- Default test -->
